build/app/outputs/mapping/release/mapping.txt
# compiler: R8
# compiler_version: 1.5.64
# min_api: 16
# pg_map_id: d502e93
...
com.google.android.gms.internal.measurement.zzlm -> b.a.a.a.d.c.ha:
    boolean zza() -> a
    boolean zzb() -> b
com.google.android.gms.internal.measurement.zzln -> b.a.a.a.d.c.ia:
    com.google.android.gms.internal.measurement.zzfg zza -> a
    boolean zza() -> a
    boolean zzb() -> b
com.google.android.gms.internal.measurement.zzlo -> b.a.a.a.d.c.ja:
    com.google.android.gms.internal.measurement.zzlo zza -> b
    com.google.android.gms.internal.measurement.zzfo zzb -> a
    java.lang.Object zza() -> a
    com.google.android.gms.internal.measurement.zzlp zzf() -> b
    boolean zzb() -> c
    boolean zzc() -> d
    boolean zzd() -> e
    boolean zze() -> f
com.google.android.gms.internal.measurement.zzlp -> b.a.a.a.d.c.ka:
    boolean zza() -> a
    boolean zzb() -> b
    boolean zzc() -> d
    boolean zzd() -> g
com.google.android.gms.internal.measurement.zzlq -> b.a.a.a.d.c.la:
    com.google.android.gms.internal.measurement.zzfg zzc -> b
    com.google.android.gms.internal.measurement.zzfg zzb -> a
    com.google.android.gms.internal.measurement.zzfg zzd -> c
    boolean zza() -> a
    boolean zzb() -> b
    boolean zzc() -> d
    boolean zzd() -> g
com.google.android.gms.internal.measurement.zzlr -> b.a.a.a.d.c.ma:
    com.google.android.gms.internal.measurement.zzlr zza -> b
    com.google.android.gms.internal.measurement.zzfo zzb -> a
    java.lang.Object zza() -> a
    com.google.android.gms.internal.measurement.zzls zzd() -> b
    boolean zzb() -> c
    boolean zzc() -> d
com.google.android.gms.internal.measurement.zzls -> b.a.a.a.d.c.na:
    boolean zza() -> a
    boolean zzb() -> b
com.google.android.gms.internal.measurement.zzlt -> b.a.a.a.d.c.oa:
    com.google.android.gms.internal.measurement.zzfg zza -> a
    boolean zza() -> a
    boolean zzb() -> b
com.google.android.gms.internal.measurement.zzlu -> b.a.a.a.d.c.pa:
    com.google.android.gms.internal.measurement.zzlu zza -> b
    com.google.android.gms.internal.measurement.zzfo zzb -> a
    java.lang.Object zza() -> a
    com.google.android.gms.internal.measurement.zzlv zzd() -> b
    boolean zzb() -> c
    boolean zzc() -> d
com.google.android.gms.internal.measurement.zzlv -> b.a.a.a.d.c.qa:
    boolean zza() -> a
    boolean zzb() -> b
com.google.android.gms.internal.measurement.zzlw -> b.a.a.a.d.c.ra:
    com.google.android.gms.internal.measurement.zzfg zzb -> a
    boolean zza() -> a
    boolean zzb() -> b
com.google.android.gms.internal.measurement.zzlx -> b.a.a.a.d.c.sa:
    com.google.android.gms.internal.measurement.zzlx zza -> b
    com.google.android.gms.internal.measurement.zzfo zzb -> a
    java.lang.Object zza() -> a
    com.google.android.gms.internal.measurement.zzly zzd() -> b
    boolean zzb() -> c
    boolean zzc() -> d
com.google.android.gms.internal.measurement.zzly -> b.a.a.a.d.c.ta:
    boolean zza() -> a
    boolean zzb() -> b
com.google.android.gms.internal.measurement.zzlz -> b.a.a.a.d.c.ua:
    com.google.android.gms.internal.measurement.zzfg zza -> a
    boolean zza() -> a
    boolean zzb() -> b
com.google.android.gms.internal.measurement.zzm -> b.a.a.a.d.c.va:
    java.util.concurrent.atomic.AtomicReference zza -> a
    boolean zzb -> b
    java.lang.String zzc(long) -> a
    java.lang.Object zze(android.os.Bundle,java.lang.Class) -> a
    void zzb(android.os.Bundle) -> b
    android.os.Bundle zzd(long) -> b
com.google.android.gms.internal.measurement.zzma -> b.a.a.a.d.c.wa:
    com.google.android.gms.internal.measurement.zzma zza -> b
    com.google.android.gms.internal.measurement.zzfo zzb -> a
    java.lang.Object zza() -> a
    com.google.android.gms.internal.measurement.zzmb zzc() -> b
    boolean zzb() -> c
com.google.android.gms.internal.measurement.zzmb -> b.a.a.a.d.c.xa:
    boolean zza() -> a
com.google.android.gms.internal.measurement.zzmc -> b.a.a.a.d.c.ya:
    com.google.android.gms.internal.measurement.zzfg zzb -> a
    boolean zza() -> a